<?xml version="1.0" encoding="UTF-8"?>
<!-- Generated by org.testng.reporters.JUnitReportReporter -->
<testsuite hostname="DESKTOP-R99JNK2" failures="0" tests="2" name="ParallelExecutionLoan2.ParallelExecution2" time="19.816" errors="0" timestamp="2024-05-14T12:24:05 IST" skipped="0">
  <testcase classname="ParallelExecutionLoan2.ParallelExecution2" name="TestMethods5" time="12.525"/>
  <testcase classname="ParallelExecutionLoan2.ParallelExecution2" name="TestMethods6" time="7.291"/>
</testsuite> <!-- ParallelExecutionLoan2.ParallelExecution2 -->
