<?xml version="1.0" encoding="UTF-8"?>
<!-- Generated by org.testng.reporters.JUnitReportReporter -->
<testsuite hostname="DESKTOP-7GI99ND" failures="0" tests="1" name="Helperclass.Homehelper" time="6.182" errors="0" timestamp="2024-04-01T11:56:33 IST" skipped="0">
  <testcase classname="Helperclass.Homehelper" name="Testing" time="6.182"/>
</testsuite> <!-- Helperclass.Homehelper -->
